17-07-2018 14:18:33.045 [restartedMain] INFO  c.r.s.SpringBootWebApplication.logStarting - Starting SpringBootWebApplication on CHNMCT201922L with PID 7900 (started by Ganesh_C01 in C:\Users\ganesh_c01\Desktop\Assignment\New folder\Rabobank-Stmt-Process)
17-07-2018 14:18:33.052 [restartedMain] DEBUG c.r.s.SpringBootWebApplication.logStarting - Running with Spring Boot v1.4.3.RELEASE, Spring v4.3.5.RELEASE
17-07-2018 14:18:33.052 [restartedMain] INFO  c.r.s.SpringBootWebApplication.logStartupProfileInfo - No active profile set, falling back to default profiles: default
17-07-2018 14:18:39.780 [restartedMain] INFO  c.r.s.SpringBootWebApplication.logStarted - Started SpringBootWebApplication in 7.747 seconds (JVM running for 9.217)
17-07-2018 14:18:39.997 [http-nio-8080-exec-1] INFO  c.r.s.controller.UploadController.index - Inside the index method - redirecting to upload html
17-07-2018 14:18:47.657 [http-nio-8080-exec-2] INFO  c.r.s.controller.UploadController.custStmtUpload - Inside the statement upload method
17-07-2018 14:18:47.657 [http-nio-8080-exec-2] INFO  c.r.s.s.CustomerStatementService.validateCustStmt - Inside customer statement validation method
17-07-2018 14:18:47.660 [http-nio-8080-exec-2] INFO  c.r.s.p.CSVStatementProcessor.process - Inside CSV statement processor method
17-07-2018 14:19:37.686 [http-nio-8080-exec-4] INFO  c.r.s.controller.UploadController.uploadStatus - Inside the statement upload status method
17-07-2018 14:21:16.441 [restartedMain] INFO  c.r.s.SpringBootWebApplication.logStarting - Starting SpringBootWebApplication on CHNMCT201922L with PID 7900 (started by Ganesh_C01 in C:\Users\ganesh_c01\Desktop\Assignment\New folder\Rabobank-Stmt-Process)
17-07-2018 14:21:16.442 [restartedMain] DEBUG c.r.s.SpringBootWebApplication.logStarting - Running with Spring Boot v1.4.3.RELEASE, Spring v4.3.5.RELEASE
17-07-2018 14:21:16.442 [restartedMain] INFO  c.r.s.SpringBootWebApplication.logStartupProfileInfo - No active profile set, falling back to default profiles: default
17-07-2018 14:21:17.824 [restartedMain] INFO  c.r.s.SpringBootWebApplication.logStarting - Starting SpringBootWebApplication on CHNMCT201922L with PID 2536 (started by Ganesh_C01 in C:\Users\ganesh_c01\Desktop\Assignment\New folder\Rabobank-Stmt-Process)
17-07-2018 14:21:17.828 [restartedMain] DEBUG c.r.s.SpringBootWebApplication.logStarting - Running with Spring Boot v1.4.3.RELEASE, Spring v4.3.5.RELEASE
17-07-2018 14:21:17.829 [restartedMain] INFO  c.r.s.SpringBootWebApplication.logStartupProfileInfo - No active profile set, falling back to default profiles: default
17-07-2018 14:21:20.574 [restartedMain] INFO  c.r.s.SpringBootWebApplication.logStarted - Started SpringBootWebApplication in 4.269 seconds (JVM running for 170.01)
17-07-2018 14:21:57.080 [restartedMain] INFO  c.r.s.SpringBootWebApplication.logStarting - Starting SpringBootWebApplication on CHNMCT201922L with PID 2712 (started by Ganesh_C01 in C:\Users\ganesh_c01\Desktop\Assignment\New folder\Rabobank-Stmt-Process)
17-07-2018 14:21:57.086 [restartedMain] DEBUG c.r.s.SpringBootWebApplication.logStarting - Running with Spring Boot v1.4.3.RELEASE, Spring v4.3.5.RELEASE
17-07-2018 14:21:57.086 [restartedMain] INFO  c.r.s.SpringBootWebApplication.logStartupProfileInfo - No active profile set, falling back to default profiles: default
17-07-2018 14:22:02.075 [restartedMain] INFO  c.r.s.SpringBootWebApplication.logStarted - Started SpringBootWebApplication in 5.825 seconds (JVM running for 6.782)
17-07-2018 14:22:02.389 [http-nio-8080-exec-1] INFO  c.r.s.controller.UploadController.index - Inside the index method - redirecting to upload html
17-07-2018 14:22:06.598 [http-nio-8080-exec-2] INFO  c.r.s.controller.UploadController.custStmtUpload - Inside the statement upload method
17-07-2018 14:22:06.598 [http-nio-8080-exec-2] INFO  c.r.s.s.CustomerStatementService.validateCustStmt - Inside customer statement validation method
17-07-2018 14:22:06.601 [http-nio-8080-exec-2] INFO  c.r.s.p.XMLStatementProcessor.process - Inside XML statement processor method
17-07-2018 14:22:06.671 [http-nio-8080-exec-3] INFO  c.r.s.controller.UploadController.uploadStatus - Inside the statement upload status method
17-07-2018 14:22:11.835 [http-nio-8080-exec-4] INFO  c.r.s.controller.UploadController.custStmtUpload - Inside the statement upload method
17-07-2018 14:22:11.836 [http-nio-8080-exec-4] INFO  c.r.s.s.CustomerStatementService.validateCustStmt - Inside customer statement validation method
17-07-2018 14:22:11.836 [http-nio-8080-exec-4] INFO  c.r.s.p.CSVStatementProcessor.process - Inside CSV statement processor method
17-07-2018 14:22:11.851 [http-nio-8080-exec-5] INFO  c.r.s.controller.UploadController.uploadStatus - Inside the statement upload status method
